[2022-08-09T14:39:15.981] [DEBUG] cheese - login => username:zs,password:123456
[2022-08-09T14:39:15.983] [DEBUG] cheese - zs
[2022-08-09T14:39:15.993] [DEBUG] cheese - null
[2022-08-09T14:39:15.994] [DEBUG] cheese - null
[2022-08-09T14:51:42.069] [DEBUG] cheese - login => username:admin,password:123456
[2022-08-09T14:51:42.070] [DEBUG] cheese - admin
[2022-08-09T14:51:42.075] [DEBUG] cheese - null
[2022-08-09T14:51:42.075] [DEBUG] cheese - null
[2022-08-09T15:31:01.816] [DEBUG] cheese - login => username:admin,password:123456
[2022-08-09T15:31:01.816] [DEBUG] cheese - admin
[2022-08-09T15:31:01.818] [DEBUG] cheese - null
[2022-08-09T15:31:01.819] [DEBUG] cheese - null
[2022-08-09T15:31:16.623] [DEBUG] cheese - login => username:admin1,password:123456
[2022-08-09T15:31:16.623] [DEBUG] cheese - admin1
[2022-08-09T15:31:16.624] [DEBUG] cheese - null
[2022-08-09T15:31:16.624] [DEBUG] cheese - null
[2022-08-09T15:31:20.558] [DEBUG] cheese - login => username:admin,password:123456
[2022-08-09T15:31:20.558] [DEBUG] cheese - admin
[2022-08-09T15:31:20.560] [DEBUG] cheese - null
[2022-08-09T15:31:20.560] [DEBUG] cheese - null
[2022-08-10T10:02:45.686] [DEBUG] cheese - login => username:admin,password:123456
[2022-08-10T10:02:45.687] [DEBUG] cheese - admin
[2022-08-10T10:02:45.694] [DEBUG] cheese - null
[2022-08-10T10:02:45.694] [DEBUG] cheese - null
[2022-08-10T10:04:33.229] [DEBUG] cheese - login => username:admin,password:123456
[2022-08-10T10:04:33.229] [DEBUG] cheese - admin
[2022-08-10T10:04:33.267] [DEBUG] cheese - null
[2022-08-10T10:04:33.267] [DEBUG] cheese - null
[2022-08-12T17:18:57.428] [DEBUG] cheese - login => username:admin,password:123456
[2022-08-12T17:18:57.429] [DEBUG] cheese - admin
[2022-08-12T17:18:57.460] [DEBUG] cheese - null
[2022-08-12T17:18:57.460] [DEBUG] cheese - null
[2022-08-12T17:27:51.918] [DEBUG] cheese - login => username:admin,password:123456
[2022-08-12T17:27:51.918] [DEBUG] cheese - admin
[2022-08-12T17:27:51.921] [DEBUG] cheese - null
[2022-08-12T17:27:51.921] [DEBUG] cheese - null
[2022-08-12T17:28:05.125] [DEBUG] cheese - login => username:admin,password:123456
[2022-08-12T17:28:05.125] [DEBUG] cheese - admin
[2022-08-12T17:28:05.127] [DEBUG] cheese - null
[2022-08-12T17:28:05.127] [DEBUG] cheese - null
[2022-08-12T17:28:12.282] [DEBUG] cheese - login => username:admin,password:123456
[2022-08-12T17:28:12.282] [DEBUG] cheese - admin
[2022-08-12T17:28:12.284] [DEBUG] cheese - null
[2022-08-12T17:28:12.285] [DEBUG] cheese - null
[2022-08-12T17:28:24.714] [DEBUG] cheese - login => username:admin,password:123456
[2022-08-12T17:28:24.714] [DEBUG] cheese - admin
[2022-08-12T17:28:24.716] [DEBUG] cheese - null
[2022-08-12T17:28:24.716] [DEBUG] cheese - null
[2022-08-12T17:28:31.795] [DEBUG] cheese - login => username:admin,password:123456
[2022-08-12T17:28:31.795] [DEBUG] cheese - admin
[2022-08-12T17:28:31.797] [DEBUG] cheese - null
[2022-08-12T17:28:31.797] [DEBUG] cheese - null
[2022-08-13T11:39:09.678] [DEBUG] cheese - login => username:admin,password:123456
[2022-08-13T11:39:09.678] [DEBUG] cheese - admin
[2022-08-13T11:39:09.687] [DEBUG] cheese - null
[2022-08-13T11:39:09.688] [DEBUG] cheese - null
[2022-08-13T11:39:25.868] [DEBUG] cheese - login => username:admin,password:123456
[2022-08-13T11:39:25.868] [DEBUG] cheese - admin
[2022-08-13T11:39:25.870] [DEBUG] cheese - null
[2022-08-13T11:39:25.870] [DEBUG] cheese - null
[2022-08-13T11:39:39.483] [DEBUG] cheese - login => username:admin1,password:123456
[2022-08-13T11:39:39.484] [DEBUG] cheese - admin1
[2022-08-13T11:39:39.486] [DEBUG] cheese - null
[2022-08-13T11:39:39.486] [DEBUG] cheese - null
[2022-08-13T12:22:07.000] [DEBUG] cheese - login => username:admin,password:123456
[2022-08-13T12:22:07.001] [DEBUG] cheese - admin
[2022-08-13T12:22:07.009] [DEBUG] cheese - null
[2022-08-13T12:22:07.009] [DEBUG] cheese - null
[2022-08-13T12:22:24.518] [DEBUG] cheese - login => username:admin,password:123456
[2022-08-13T12:22:24.518] [DEBUG] cheese - admin
[2022-08-13T12:22:24.521] [DEBUG] cheese - null
[2022-08-13T12:22:24.521] [DEBUG] cheese - null
[2022-08-13T12:22:29.083] [DEBUG] cheese - login => username:admin,password:123456
[2022-08-13T12:22:29.084] [DEBUG] cheese - admin
[2022-08-13T12:22:29.086] [DEBUG] cheese - null
[2022-08-13T12:22:29.086] [DEBUG] cheese - null
[2022-08-13T12:22:36.684] [DEBUG] cheese - login => username:admin1,password:123456
[2022-08-13T12:22:36.684] [DEBUG] cheese - admin1
[2022-08-13T12:22:36.686] [DEBUG] cheese - null
[2022-08-13T12:22:36.686] [DEBUG] cheese - null
[2022-08-13T12:22:41.775] [DEBUG] cheese - login => username:admin1,password:1234561
[2022-08-13T12:22:41.775] [DEBUG] cheese - admin1
[2022-08-13T12:22:41.776] [DEBUG] cheese - null
[2022-08-13T12:22:41.776] [DEBUG] cheese - null
[2022-08-13T12:23:15.007] [DEBUG] cheese - login => username:admin,password:123456
[2022-08-13T12:23:15.007] [DEBUG] cheese - admin
[2022-08-13T12:23:15.010] [DEBUG] cheese - null
[2022-08-13T12:23:15.010] [DEBUG] cheese - null
[2022-08-13T14:58:29.642] [DEBUG] cheese - login => username:admin,password:123456
[2022-08-13T14:58:29.642] [DEBUG] cheese - admin
[2022-08-13T14:58:29.647] [DEBUG] cheese - null
[2022-08-13T14:58:29.647] [DEBUG] cheese - null
[2022-08-13T14:59:10.290] [DEBUG] cheese - login => username:admin,password:123456
[2022-08-13T14:59:10.290] [DEBUG] cheese - admin
[2022-08-13T14:59:10.292] [DEBUG] cheese - null
[2022-08-13T14:59:10.293] [DEBUG] cheese - null
[2022-08-13T15:06:54.455] [DEBUG] cheese - login => username:admin,password:123456
[2022-08-13T15:06:54.455] [DEBUG] cheese - admin
[2022-08-13T15:06:54.458] [DEBUG] cheese - null
[2022-08-13T15:06:54.458] [DEBUG] cheese - null
[2022-08-13T16:09:27.270] [DEBUG] cheese - login => username:admin,password:123456
[2022-08-13T16:09:27.270] [DEBUG] cheese - admin
[2022-08-13T16:09:27.277] [DEBUG] cheese - null
[2022-08-13T16:09:27.277] [DEBUG] cheese - null
[2022-09-11T09:33:11.240] [DEBUG] cheese - login => username:ww,password:123456
[2022-09-11T09:33:11.242] [DEBUG] cheese - ww
[2022-09-11T09:33:11.252] [DEBUG] cheese - null
[2022-09-11T09:33:11.252] [DEBUG] cheese - null
[2022-09-11T09:33:19.416] [DEBUG] cheese - login => username:admin,password:123456
[2022-09-11T09:33:19.416] [DEBUG] cheese - admin
[2022-09-11T09:33:19.422] [DEBUG] cheese - null
[2022-09-11T09:33:19.422] [DEBUG] cheese - null
[2022-09-11T09:34:59.255] [DEBUG] cheese - login => username:admin,password:123456
[2022-09-11T09:34:59.255] [DEBUG] cheese - admin
[2022-09-11T09:34:59.257] [DEBUG] cheese - null
[2022-09-11T09:34:59.257] [DEBUG] cheese - null
[2022-09-11T09:49:50.012] [DEBUG] cheese - login => username:admin,password:123456
[2022-09-11T09:49:50.012] [DEBUG] cheese - admin
[2022-09-11T09:49:50.015] [DEBUG] cheese - null
[2022-09-11T09:49:50.015] [DEBUG] cheese - null
[2022-09-11T13:00:04.162] [DEBUG] cheese - login => username:admin,password:123456
[2022-09-11T13:00:04.163] [DEBUG] cheese - admin
[2022-09-11T13:00:04.177] [DEBUG] cheese - null
[2022-09-11T13:00:04.177] [DEBUG] cheese - null
[2022-09-11T15:35:09.271] [DEBUG] cheese - login => username:admin,password:123456
[2022-09-11T15:35:09.271] [DEBUG] cheese - admin
[2022-09-11T15:35:09.277] [DEBUG] cheese - null
[2022-09-11T15:35:09.278] [DEBUG] cheese - null
[2022-09-11T15:35:23.649] [DEBUG] cheese - login => username:admin,password:123456
[2022-09-11T15:35:23.649] [DEBUG] cheese - admin
[2022-09-11T15:35:23.651] [DEBUG] cheese - null
[2022-09-11T15:35:23.652] [DEBUG] cheese - null
[2022-09-11T15:35:29.880] [DEBUG] cheese - login => username:admin,password:123456
[2022-09-11T15:35:29.880] [DEBUG] cheese - admin
[2022-09-11T15:35:29.882] [DEBUG] cheese - null
[2022-09-11T15:35:29.883] [DEBUG] cheese - null
[2022-09-11T15:52:55.306] [DEBUG] cheese - login => username:admin,password:123456
[2022-09-11T15:52:55.306] [DEBUG] cheese - admin
[2022-09-11T15:52:55.309] [DEBUG] cheese - null
[2022-09-11T15:52:55.309] [DEBUG] cheese - null
[2022-09-11T16:08:49.742] [DEBUG] cheese - login => username:admin,password:123456
[2022-09-11T16:08:49.742] [DEBUG] cheese - admin
[2022-09-11T16:08:49.745] [DEBUG] cheese - null
[2022-09-11T16:08:49.745] [DEBUG] cheese - null
[2022-09-11T16:09:39.553] [DEBUG] cheese - login => username:admin,password:123456
[2022-09-11T16:09:39.553] [DEBUG] cheese - admin
[2022-09-11T16:09:39.555] [DEBUG] cheese - null
[2022-09-11T16:09:39.555] [DEBUG] cheese - null
[2022-09-11T16:32:36.931] [DEBUG] cheese - login => username:admin,password:123456
[2022-09-11T16:32:36.931] [DEBUG] cheese - admin
[2022-09-11T16:32:36.934] [DEBUG] cheese - null
[2022-09-11T16:32:36.934] [DEBUG] cheese - null
[2022-09-19T23:12:32.463] [DEBUG] cheese - login => username:admin,password:123456
[2022-09-19T23:12:32.464] [DEBUG] cheese - admin
[2022-09-19T23:12:32.483] [DEBUG] cheese - null
[2022-09-19T23:12:32.484] [DEBUG] cheese - null
[2022-09-20T00:30:59.561] [DEBUG] cheese - login => username:admin,password:1234561
[2022-09-20T00:30:59.561] [DEBUG] cheese - admin
[2022-09-20T00:30:59.566] [DEBUG] cheese - null
[2022-09-20T00:30:59.566] [DEBUG] cheese - null
[2022-09-20T00:31:02.704] [DEBUG] cheese - login => username:admin,password:123456
[2022-09-20T00:31:02.704] [DEBUG] cheese - admin
[2022-09-20T00:31:02.706] [DEBUG] cheese - null
[2022-09-20T00:31:02.706] [DEBUG] cheese - null
[2022-09-20T10:31:44.829] [DEBUG] cheese - login => username:admin,password:123456
[2022-09-20T10:31:44.829] [DEBUG] cheese - admin
[2022-09-20T10:31:44.839] [DEBUG] cheese - null
[2022-09-20T10:31:44.839] [DEBUG] cheese - null
[2022-09-20T10:32:08.002] [DEBUG] cheese - login => username:admin,password:123456
[2022-09-20T10:32:08.002] [DEBUG] cheese - admin
[2022-09-20T10:32:08.004] [DEBUG] cheese - null
[2022-09-20T10:32:08.004] [DEBUG] cheese - null
[2022-09-20T23:43:28.114] [DEBUG] cheese - login => username:admin,password:123456
[2022-09-20T23:43:28.115] [DEBUG] cheese - admin
[2022-09-20T23:43:28.126] [DEBUG] cheese - null
[2022-09-20T23:43:28.126] [DEBUG] cheese - null
[2022-09-20T23:48:38.952] [DEBUG] cheese - login => username:admin,password:123456
[2022-09-20T23:48:38.952] [DEBUG] cheese - admin
[2022-09-20T23:48:38.955] [DEBUG] cheese - null
[2022-09-20T23:48:38.956] [DEBUG] cheese - null
[2022-09-21T00:15:52.992] [DEBUG] cheese - login => username:admin,password:123456
[2022-09-21T00:15:52.992] [DEBUG] cheese - admin
[2022-09-21T00:15:52.995] [DEBUG] cheese - null
[2022-09-21T00:15:52.996] [DEBUG] cheese - null
[2022-09-21T19:12:51.178] [DEBUG] cheese - login => username:admin,password:123456
[2022-09-21T19:12:51.181] [DEBUG] cheese - admin
[2022-09-21T19:12:51.186] [DEBUG] cheese - null
[2022-09-21T19:12:51.187] [DEBUG] cheese - null
[2022-09-21T19:13:09.164] [DEBUG] cheese - login => username:admin,password:123456
[2022-09-21T19:13:09.164] [DEBUG] cheese - admin
[2022-09-21T19:13:09.166] [DEBUG] cheese - null
[2022-09-21T19:13:09.166] [DEBUG] cheese - null
[2022-09-21T19:14:13.685] [DEBUG] cheese - login => username:admin,password:123456
[2022-09-21T19:14:13.686] [DEBUG] cheese - admin
[2022-09-21T19:14:13.687] [DEBUG] cheese - null
[2022-09-21T19:14:13.687] [DEBUG] cheese - null
[2022-09-21T19:26:22.070] [DEBUG] cheese - login => username:admin,password:123456
[2022-09-21T19:26:22.070] [DEBUG] cheese - admin
[2022-09-21T19:26:22.072] [DEBUG] cheese - null
[2022-09-21T19:26:22.072] [DEBUG] cheese - null
[2022-09-21T19:28:46.862] [DEBUG] cheese - login => username:admin,password:123456
[2022-09-21T19:28:46.862] [DEBUG] cheese - admin
[2022-09-21T19:28:46.864] [DEBUG] cheese - null
[2022-09-21T19:28:46.864] [DEBUG] cheese - null
[2022-09-21T19:30:02.430] [DEBUG] cheese - login => username:admin,password:123456
[2022-09-21T19:30:02.430] [DEBUG] cheese - admin
[2022-09-21T19:30:02.432] [DEBUG] cheese - null
[2022-09-21T19:30:02.432] [DEBUG] cheese - null
[2022-09-21T19:31:06.588] [DEBUG] cheese - login => username:admin,password:123456
[2022-09-21T19:31:06.588] [DEBUG] cheese - admin
[2022-09-21T19:31:06.590] [DEBUG] cheese - null
[2022-09-21T19:31:06.590] [DEBUG] cheese - null
[2022-09-21T19:32:06.648] [DEBUG] cheese - login => username:admin,password:123456
[2022-09-21T19:32:06.648] [DEBUG] cheese - admin
[2022-09-21T19:32:06.649] [DEBUG] cheese - null
[2022-09-21T19:32:06.650] [DEBUG] cheese - null
[2022-09-21T19:33:55.557] [DEBUG] cheese - login => username:admin,password:123456
[2022-09-21T19:33:55.557] [DEBUG] cheese - admin
[2022-09-21T19:33:55.560] [DEBUG] cheese - null
[2022-09-21T19:33:55.560] [DEBUG] cheese - null
[2022-09-21T19:38:23.542] [DEBUG] cheese - login => username:admin,password:123456
[2022-09-21T19:38:23.542] [DEBUG] cheese - admin
[2022-09-21T19:38:23.545] [DEBUG] cheese - null
[2022-09-21T19:38:23.545] [DEBUG] cheese - null
[2022-10-04T21:02:02.311] [DEBUG] cheese - login => username:admin,password:123456
[2022-10-04T21:02:02.314] [DEBUG] cheese - admin
[2022-10-04T21:02:02.335] [DEBUG] cheese - null
[2022-10-04T21:02:02.335] [DEBUG] cheese - null
[2022-10-17T17:24:34.568] [DEBUG] cheese - login => username:admin,password:123456
[2022-10-17T17:24:34.569] [DEBUG] cheese - admin
[2022-10-17T17:24:34.608] [DEBUG] cheese - null
[2022-10-17T17:24:34.609] [DEBUG] cheese - null
[2022-10-17T20:57:32.311] [DEBUG] cheese - login => username:admin,password:123456
[2022-10-17T20:57:32.312] [DEBUG] cheese - admin
[2022-10-17T20:57:32.322] [DEBUG] cheese - null
[2022-10-17T20:57:32.322] [DEBUG] cheese - null
[2022-10-19T15:11:26.563] [DEBUG] cheese - login => username:admin,password:123456
[2022-10-19T15:11:26.564] [DEBUG] cheese - admin
[2022-10-19T15:11:26.588] [DEBUG] cheese - null
[2022-10-19T15:11:26.589] [DEBUG] cheese - null
[2022-10-19T17:29:19.383] [DEBUG] cheese - login => username:admin,password:123456
[2022-10-19T17:29:19.384] [DEBUG] cheese - admin
[2022-10-19T17:29:19.398] [DEBUG] cheese - null
[2022-10-19T17:29:19.399] [DEBUG] cheese - null
[2022-10-20T22:32:02.560] [DEBUG] cheese - login => username:admin,password:123456
[2022-10-20T22:32:02.561] [DEBUG] cheese - admin
[2022-10-20T22:32:02.578] [DEBUG] cheese - null
[2022-10-20T22:32:02.579] [DEBUG] cheese - null
